<?xml version="1.0" encoding="UTF-8"?>
<testng-results ignored="0" total="2" passed="1" failed="1" skipped="0">
  <reporter-output>
  </reporter-output>
  <suite started-at="2024-09-02T13:01:40 ICT" name="Suite" finished-at="2024-09-02T13:01:58 ICT" duration-ms="18096">
    <groups>
      <group name="regression">
        <method signature="OrderCompleteTest.endToEndTest()[pri:0, instance:uk.co.automationtesting.liveproject1.OrderCompleteTest@3ba987b8]" name="endToEndTest" class="uk.co.automationtesting.liveproject1.OrderCompleteTest"/>
        <method signature="AddRemoveItemBasketTest.addRemoveItem()[pri:0, instance:uk.co.automationtesting.liveproject1.AddRemoveItemBasketTest@673fdbce]" name="addRemoveItem" class="uk.co.automationtesting.liveproject1.AddRemoveItemBasketTest"/>
      </group> <!-- regression -->
      <group name="smoke">
        <method signature="OrderCompleteTest.endToEndTest()[pri:0, instance:uk.co.automationtesting.liveproject1.OrderCompleteTest@3ba987b8]" name="endToEndTest" class="uk.co.automationtesting.liveproject1.OrderCompleteTest"/>
      </group> <!-- smoke -->
    </groups>
    <test started-at="2024-09-02T13:01:40 ICT" name="TestOrderComplete" finished-at="2024-09-02T13:01:58 ICT" duration-ms="17925">
      <class name="uk.co.automationtesting.liveproject1.AddRemoveItemBasketTest">
        <test-method is-config="true" signature="setup()[pri:0, instance:uk.co.automationtesting.liveproject1.AddRemoveItemBasketTest@673fdbce]" started-at="2024-09-02T13:01:40 ICT" name="setup" finished-at="2024-09-02T13:01:44 ICT" duration-ms="3574" status="PASS">
          <reporter-output>
          </reporter-output>
        </test-method> <!-- setup -->
        <test-method signature="addRemoveItem()[pri:0, instance:uk.co.automationtesting.liveproject1.AddRemoveItemBasketTest@673fdbce]" started-at="2024-09-02T13:01:44 ICT" name="addRemoveItem" finished-at="2024-09-02T13:01:58 ICT" duration-ms="13689" status="FAIL">
          <exception class="java.lang.AssertionError">
            <message>
              <![CDATA[Cart amount did not match the expected amount, it found$45.24 expected $45.23]]>
            </message>
            <full-stacktrace>
              <![CDATA[java.lang.AssertionError: Cart amount did not match the expected amount, it found$45.24 expected $45.23
at org.testng.Assert.fail(Assert.java:111)
at uk.co.automationtesting.liveproject1.AddRemoveItemBasketTest.addRemoveItem(AddRemoveItemBasketTest.java:86)
at java.base/jdk.internal.reflect.NativeMethodAccessorImpl.invoke0(Native Method)
at java.base/jdk.internal.reflect.NativeMethodAccessorImpl.invoke(NativeMethodAccessorImpl.java:62)
at java.base/jdk.internal.reflect.DelegatingMethodAccessorImpl.invoke(DelegatingMethodAccessorImpl.java:43)
at java.base/java.lang.reflect.Method.invoke(Method.java:566)
at org.testng.internal.invokers.MethodInvocationHelper.invokeMethod(MethodInvocationHelper.java:141)
at org.testng.internal.invokers.TestInvoker.invokeMethod(TestInvoker.java:686)
at org.testng.internal.invokers.TestInvoker.invokeTestMethod(TestInvoker.java:230)
at org.testng.internal.invokers.MethodRunner.runInSequence(MethodRunner.java:63)
at org.testng.internal.invokers.TestInvoker$MethodInvocationAgent.invoke(TestInvoker.java:992)
at org.testng.internal.invokers.TestInvoker.invokeTestMethods(TestInvoker.java:203)
at org.testng.internal.invokers.TestMethodWorker.invokeTestMethods(TestMethodWorker.java:154)
at org.testng.internal.invokers.TestMethodWorker.run(TestMethodWorker.java:134)
at java.base/java.util.ArrayList.forEach(ArrayList.java:1541)
at org.testng.TestRunner.privateRun(TestRunner.java:739)
at org.testng.TestRunner.run(TestRunner.java:614)
at org.testng.SuiteRunner.runTest(SuiteRunner.java:421)
at org.testng.SuiteRunner$SuiteWorker.run(SuiteRunner.java:463)
at org.testng.internal.thread.ThreadUtil.lambda$execute$0(ThreadUtil.java:64)
at java.base/java.util.concurrent.FutureTask.run(FutureTask.java:264)
at java.base/java.util.concurrent.ThreadPoolExecutor.runWorker(ThreadPoolExecutor.java:1128)
at java.base/java.util.concurrent.ThreadPoolExecutor$Worker.run(ThreadPoolExecutor.java:628)
at java.base/java.lang.Thread.run(Thread.java:834)
]]>
            </full-stacktrace>
          </exception> <!-- java.lang.AssertionError -->
          <reporter-output>
          </reporter-output>
        </test-method> <!-- addRemoveItem -->
        <test-method is-config="true" signature="tearDown()[pri:0, instance:uk.co.automationtesting.liveproject1.AddRemoveItemBasketTest@673fdbce]" started-at="2024-09-02T13:01:58 ICT" name="tearDown" finished-at="2024-09-02T13:01:58 ICT" duration-ms="356" status="PASS">
          <reporter-output>
          </reporter-output>
        </test-method> <!-- tearDown -->
      </class> <!-- uk.co.automationtesting.liveproject1.AddRemoveItemBasketTest -->
    </test> <!-- TestOrderComplete -->
    <test started-at="2024-09-02T13:01:40 ICT" name="TestAddRemoveItemBasket" finished-at="2024-09-02T13:01:58 ICT" duration-ms="18096">
      <class name="uk.co.automationtesting.liveproject1.OrderCompleteTest">
        <test-method is-config="true" signature="setup()[pri:0, instance:uk.co.automationtesting.liveproject1.OrderCompleteTest@3ba987b8]" started-at="2024-09-02T13:01:40 ICT" name="setup" finished-at="2024-09-02T13:01:43 ICT" duration-ms="3152" status="PASS">
          <reporter-output>
          </reporter-output>
        </test-method> <!-- setup -->
        <test-method signature="endToEndTest()[pri:0, instance:uk.co.automationtesting.liveproject1.OrderCompleteTest@3ba987b8]" started-at="2024-09-02T13:01:43 ICT" name="endToEndTest" finished-at="2024-09-02T13:01:58 ICT" duration-ms="14590" status="PASS">
          <reporter-output>
          </reporter-output>
        </test-method> <!-- endToEndTest -->
        <test-method is-config="true" signature="tearDown()[pri:0, instance:uk.co.automationtesting.liveproject1.OrderCompleteTest@3ba987b8]" started-at="2024-09-02T13:01:58 ICT" name="tearDown" finished-at="2024-09-02T13:01:58 ICT" duration-ms="160" status="PASS">
          <reporter-output>
          </reporter-output>
        </test-method> <!-- tearDown -->
      </class> <!-- uk.co.automationtesting.liveproject1.OrderCompleteTest -->
    </test> <!-- TestAddRemoveItemBasket -->
  </suite> <!-- Suite -->
</testng-results>
