<?xml version="1.0" encoding="UTF-8"?>
<!-- Generated by org.testng.reporters.JUnitXMLReporter -->
<testsuite ignored="0" hostname="VNMPCTHN12" failures="1" tests="1" name="TestOrderComplete" time="17.925" errors="0" timestamp="2024-09-02T13:01:58 ICT">
  <testcase classname="uk.co.automationtesting.liveproject1.AddRemoveItemBasketTest" name="addRemoveItem" time="13.689">
    <failure type="java.lang.AssertionError" message="Cart amount did not match the expected amount, it found$45.24 expected $45.23">
      <![CDATA[java.lang.AssertionError: Cart amount did not match the expected amount, it found$45.24 expected $45.23
at uk.co.automationtesting.liveproject1.AddRemoveItemBasketTest.addRemoveItem(AddRemoveItemBasketTest.java:86)
at java.base/java.util.ArrayList.forEach(ArrayList.java:1541)
at java.base/java.util.concurrent.FutureTask.run(FutureTask.java:264)
at java.base/java.util.concurrent.ThreadPoolExecutor.runWorker(ThreadPoolExecutor.java:1128)
at java.base/java.util.concurrent.ThreadPoolExecutor$Worker.run(ThreadPoolExecutor.java:628)
at java.base/java.lang.Thread.run(Thread.java:834)
... Removed 18 stack frames]]>
    </failure>
  </testcase> <!-- addRemoveItem -->
</testsuite> <!-- TestOrderComplete -->
